2025-10-03 23:19:02,869 [INFO] Traceback (most recent call last):

2025-10-03 23:19:02,869 [INFO]   File "C:\Users\Lenovo\AppData\Local\Programs\Python\Python312\Lib\multiprocessing\process.py", line 314, in _bootstrap
    self.run()

2025-10-03 23:19:02,869 [INFO]   File "C:\Users\Lenovo\AppData\Local\Programs\Python\Python312\Lib\multiprocessing\process.py", line 108, in run
    self._target(*self._args, **self._kwargs)

2025-10-03 23:19:02,869 [INFO]   File "D:\Web_Projects\SwarTech_Admin_Panel\swartech_admin_panel\.venv\Lib\site-packages\uvicorn\_subprocess.py", line 80, in subprocess_started
    target(sockets=sockets)

2025-10-03 23:19:02,869 [INFO]   File "D:\Web_Projects\SwarTech_Admin_Panel\swartech_admin_panel\.venv\Lib\site-packages\uvicorn\server.py", line 67, in run
    return asyncio_run(self.serve(sockets=sockets), loop_factory=self.config.get_loop_factory())
           ^^^^^^^^^^^^^^^^^^^^^^^^^^^^^^^^^^^^^^^^^^^^^^^^^^^^^^^^^^^^^^^^^^^^^^^^^^^^^^^^^^^^^

2025-10-03 23:19:02,869 [INFO]   File "C:\Users\Lenovo\AppData\Local\Programs\Python\Python312\Lib\asyncio\runners.py", line 194, in run
    return runner.run(main)
           ^^^^^^^^^^^^^^^^

2025-10-03 23:19:02,869 [INFO]   File "C:\Users\Lenovo\AppData\Local\Programs\Python\Python312\Lib\asyncio\runners.py", line 118, in run
    return self._loop.run_until_complete(task)
           ^^^^^^^^^^^^^^^^^^^^^^^^^^^^^^^^^^^

2025-10-03 23:19:02,869 [INFO]   File "C:\Users\Lenovo\AppData\Local\Programs\Python\Python312\Lib\asyncio\base_events.py", line 664, in run_until_complete
    return future.result()
           ^^^^^^^^^^^^^^^

2025-10-03 23:19:02,869 [INFO]   File "D:\Web_Projects\SwarTech_Admin_Panel\swartech_admin_panel\.venv\Lib\site-packages\uvicorn\server.py", line 71, in serve
    await self._serve(sockets)

2025-10-03 23:19:02,869 [INFO]   File "D:\Web_Projects\SwarTech_Admin_Panel\swartech_admin_panel\.venv\Lib\site-packages\uvicorn\server.py", line 78, in _serve
    config.load()

2025-10-03 23:19:02,869 [INFO]   File "D:\Web_Projects\SwarTech_Admin_Panel\swartech_admin_panel\.venv\Lib\site-packages\uvicorn\config.py", line 438, in load
    self.loaded_app = import_from_string(self.app)
                      ^^^^^^^^^^^^^^^^^^^^^^^^^^^^

2025-10-03 23:19:02,869 [INFO]   File "D:\Web_Projects\SwarTech_Admin_Panel\swartech_admin_panel\.venv\Lib\site-packages\uvicorn\importer.py", line 19, in import_from_string
    module = importlib.import_module(module_str)
             ^^^^^^^^^^^^^^^^^^^^^^^^^^^^^^^^^^^

2025-10-03 23:19:02,869 [INFO]   File "C:\Users\Lenovo\AppData\Local\Programs\Python\Python312\Lib\importlib\__init__.py", line 90, in import_module
    return _bootstrap._gcd_import(name[level:], package, level)
           ^^^^^^^^^^^^^^^^^^^^^^^^^^^^^^^^^^^^^^^^^^^^^^^^^^^^

2025-10-03 23:19:02,869 [INFO]   File "<frozen importlib._bootstrap>", line 1381, in _gcd_import

2025-10-03 23:19:02,869 [INFO]   File "<frozen importlib._bootstrap>", line 1354, in _find_and_load

2025-10-03 23:19:02,869 [INFO]   File "<frozen importlib._bootstrap>", line 1325, in _find_and_load_unlocked

2025-10-03 23:19:02,869 [INFO]   File "<frozen importlib._bootstrap>", line 929, in _load_unlocked

2025-10-03 23:19:02,869 [INFO]   File "<frozen importlib._bootstrap_external>", line 994, in exec_module

2025-10-03 23:19:02,869 [INFO]   File "<frozen importlib._bootstrap>", line 488, in _call_with_frames_removed

2025-10-03 23:19:02,869 [INFO]   File "D:\Web_Projects\SwarTech_Admin_Panel\swartech_admin_panel\main.py", line 45, in <module>
    app.include_router(project.router, prefix="/api/v1/project")
                       ^^^^^^^^^^^^^^

2025-10-03 23:19:02,869 [INFO] AttributeError: module 'app.api.v1.routes.project' has no attribute 'router'

